0 info it worked if it ends with ok
1 verbose cli [ 'node',
1 verbose cli   '/usr/local/bin/npm',
1 verbose cli   'run',
1 verbose cli   'lint',
1 verbose cli   'builder.js',
1 verbose cli   'cityPlanning.js',
1 verbose cli   'common.js',
1 verbose cli   'harvester.js',
1 verbose cli   'main.js',
1 verbose cli   'population.js',
1 verbose cli   'screeps-profiler.js',
1 verbose cli   'strategy.js',
1 verbose cli   'tactics.js',
1 verbose cli   'tasker.js' ]
2 info using npm@2.11.3
3 info using node@v0.12.7
4 verbose config Skipping project config: /Users/vanquish/.npmrc. (matches userconfig)
5 verbose stack Error: ENOENT, open '/Users/vanquish/package.json'
5 verbose stack     at Error (native)
6 verbose cwd /Users/vanquish/Library/Application Support/Screeps/scripts/127_0_0_1___21025/default
7 error Darwin 16.7.0
8 error argv "node" "/usr/local/bin/npm" "run" "lint" "builder.js" "cityPlanning.js" "common.js" "harvester.js" "main.js" "population.js" "screeps-profiler.js" "strategy.js" "tactics.js" "tasker.js"
9 error node v0.12.7
10 error npm  v2.11.3
11 error path /Users/vanquish/package.json
12 error code ENOENT
13 error errno -2
14 error enoent ENOENT, open '/Users/vanquish/package.json'
14 error enoent This is most likely not a problem with npm itself
14 error enoent and is related to npm not being able to find a file.
15 verbose exit [ -2, true ]
